#
# There is insufficient memory for the Java Runtime Environment to continue.
# Native memory allocation (malloc) failed to allocate 4092 bytes for AllocateHeap
# Possible reasons:
#   The system is out of physical RAM or swap space
#   In 32 bit mode, the process size limit was hit
# Possible solutions:
#   Reduce memory load on the system
#   Increase physical memory or swap space
#   Check if swap backing store is full
#   Use 64 bit Java on a 64 bit OS
#   Decrease Java heap size (-Xmx/-Xms)
#   Decrease number of Java threads
#   Decrease Java thread stack sizes (-Xss)
#   Set larger code cache with -XX:ReservedCodeCacheSize=
# This output file may be truncated or incomplete.
#
#  Out of Memory Error (memory/allocation.inline.hpp:61), pid=9540, tid=4664
#
# JRE version: Java(TM) SE Runtime Environment (7.0_55-b13) (build 1.7.0_55-b13)
# Java VM: Java HotSpot(TM) Client VM (24.55-b03 mixed mode, sharing windows-x86 )
# Failed to write core dump. Minidumps are not enabled by default on client versions of Windows
#

---------------  T H R E A D  ---------------

Current thread (0x00d2e000):  VMThread [stack: 0x00e70000,0x00ec0000] [id=4664]

Stack: [0x00e70000,0x00ec0000],  sp=0x00ebddc4,  free space=311k
Native frames: (J=compiled Java code, j=interpreted, Vv=VM code, C=native code)
V  [jvm.dll+0x18e051]
V  [jvm.dll+0x1a38e5]
V  [jvm.dll+0x1a4acb]
C  [msvcr100.dll+0x5c556]
C  [msvcr100.dll+0x5c600]
C  [KERNEL32.DLL+0x17c04]
C  [ntdll.dll+0x5ab8f]
C  [ntdll.dll+0x5ab5a]

VM_Operation (0x049fee54): GenCollectForAllocation, mode: safepoint, requested by thread 0x046f1400


---------------  P R O C E S S  ---------------

Java Threads: ( => current thread )
  0x046f1400 JavaThread "pool-2-thread-1" [_thread_blocked, id=4100, stack(0x049b0000,0x04a00000)]
  0x00e05800 JavaThread "pool-1-thread-1" [_thread_blocked, id=10796, stack(0x04920000,0x04970000)]
  0x00da6c00 JavaThread "Service Thread" daemon [_thread_blocked, id=8748, stack(0x04600000,0x04650000)]
  0x00da2000 JavaThread "C1 CompilerThread0" daemon [_thread_blocked, id=9964, stack(0x04570000,0x045c0000)]
  0x00da0000 JavaThread "Attach Listener" daemon [_thread_blocked, id=11424, stack(0x044e0000,0x04530000)]
  0x00d9e000 JavaThread "Signal Dispatcher" daemon [_thread_blocked, id=9576, stack(0x04450000,0x044a0000)]
  0x00d31800 JavaThread "Finalizer" daemon [_thread_blocked, id=11040, stack(0x043c0000,0x04410000)]
  0x00d30000 JavaThread "Reference Handler" daemon [_thread_blocked, id=11140, stack(0x04370000,0x043c0000)]
  0x00d0c800 JavaThread "main" [_thread_blocked, id=3844, stack(0x00530000,0x00580000)]

Other Threads:
=>0x00d2e000 VMThread [stack: 0x00e70000,0x00ec0000] [id=4664]
  0x00dba000 WatcherThread [stack: 0x04690000,0x046e0000] [id=10932]

VM state:at safepoint (normal execution)

VM Mutex/Monitor currently owned by a thread:  ([mutex/lock_event])
[0x00d0b220] Threads_lock - owner thread: 0x00d2e000
[0x00d0b758] Heap_lock - owner thread: 0x046f1400

Heap
 def new generation   total 38336K, used 38336K [0x24320000, 0x26cb0000, 0x29870000)
  eden space 34112K, 100% used [0x24320000, 0x26470000, 0x26470000)
  from space 4224K, 100% used [0x26890000, 0x26cb0000, 0x26cb0000)
  to   space 4224K,   0% used [0x26470000, 0x26470000, 0x26890000)
 tenured generation   total 87456K, used 87456K [0x29870000, 0x2edd8000, 0x34320000)
   the space 87456K, 100% used [0x29870000, 0x2edd8000, 0x2edd8000, 0x2edd8000)
 compacting perm gen  total 12288K, used 1755K [0x34320000, 0x34f20000, 0x38320000)
   the space 12288K,  14% used [0x34320000, 0x344d6d40, 0x344d6e00, 0x34f20000)
    ro space 10240K,  44% used [0x38320000, 0x38798300, 0x38798400, 0x38d20000)
    rw space 12288K,  52% used [0x38d20000, 0x3936f100, 0x3936f200, 0x39920000)

Card table byte_map: [0x00c10000,0x00cc0000] byte_map_base: 0x00aee700

Polling page: 0x00510000

Code Cache  [0x02370000, 0x02640000, 0x04370000)
 total_blobs=1467 nmethods=1318 adapters=85 free_code_cache=29905Kb largest_free_block=30623104

Compilation events (10 events):
Event: 3.315 Thread 0x00da2000 1314             java.util.ArrayList$SubList::get (23 bytes)
Event: 3.315 Thread 0x00da2000 nmethod 1314 0x0263a948 code [0x0263aa70, 0x0263ac54]
Event: 3.347 Thread 0x00da2000 1315             java.util.TreeMap::entrySet (27 bytes)
Event: 3.348 Thread 0x00da2000 nmethod 1315 0x0263aec8 code [0x0263afc0, 0x0263b0a0]
Event: 3.348 Thread 0x00da2000 1316             java.util.TreeMap$EntrySet::iterator (19 bytes)
Event: 3.348 Thread 0x00da2000 nmethod 1316 0x0263b108 code [0x0263b200, 0x0263b330]
Event: 3.348 Thread 0x00da2000 1317             java.util.TreeMap$EntryIterator::<init> (12 bytes)
Event: 3.348 Thread 0x00da2000 nmethod 1317 0x0263b408 code [0x0263b500, 0x0263b5d0]
Event: 3.809 Thread 0x00da2000 1318             com.android.dx.rop.cst.CstInterfaceMethodRef::toMethodRef (31 bytes)
Event: 3.809 Thread 0x00da2000 nmethod 1318 0x0263b688 code [0x0263b7a0, 0x0263b8f8]

GC Heap History (10 events):
Event: 2.867 GC heap after
Heap after GC invocations=36 (full 4):
 def new generation   total 37760K, used 4159K [0x24320000, 0x26c10000, 0x29870000)
  eden space 33600K,   0% used [0x24320000, 0x24320000, 0x263f0000)
  from space 4160K,  99% used [0x263f0000, 0x267ffff8, 0x26800000)
  to   space 4160K,   0% used [0x26800000, 0x26800000, 0x26c10000)
 tenured generation   total 83732K, used 66488K [0x29870000, 0x2ea35000, 0x34320000)
   the space 83732K,  79% used [0x29870000, 0x2d95e060, 0x2d95e200, 0x2ea35000)
 compacting perm gen  total 12288K, used 1755K [0x34320000, 0x34f20000, 0x38320000)
   the space 12288K,  14% used [0x34320000, 0x344d6d00, 0x344d6e00, 0x34f20000)
    ro space 10240K,  44% used [0x38320000, 0x38798300, 0x38798400, 0x38d20000)
    rw space 12288K,  52% used [0x38d20000, 0x3936f100, 0x3936f200, 0x39920000)
}
Event: 2.957 GC heap before
{Heap before GC invocations=36 (full 4):
 def new generation   total 37760K, used 37759K [0x24320000, 0x26c10000, 0x29870000)
  eden space 33600K, 100% used [0x24320000, 0x263f0000, 0x263f0000)
  from space 4160K,  99% used [0x263f0000, 0x267ffff8, 0x26800000)
  to   space 4160K,   0% used [0x26800000, 0x26800000, 0x26c10000)
 tenured generation   total 83732K, used 66488K [0x29870000, 0x2ea35000, 0x34320000)
   the space 83732K,  79% used [0x29870000, 0x2d95e060, 0x2d95e200, 0x2ea35000)
 compacting perm gen  total 12288K, used 1755K [0x34320000, 0x34f20000, 0x38320000)
   the space 12288K,  14% used [0x34320000, 0x344d6d00, 0x344d6e00, 0x34f20000)
    ro space 10240K,  44% used [0x38320000, 0x38798300, 0x38798400, 0x38d20000)
    rw space 12288K,  52% used [0x38d20000, 0x3936f100, 0x3936f200, 0x39920000)
Event: 2.984 GC heap after
Heap after GC invocations=37 (full 4):
 def new generation   total 37760K, used 4159K [0x24320000, 0x26c10000, 0x29870000)
  eden space 33600K,   0% used [0x24320000, 0x24320000, 0x263f0000)
  from space 4160K,  99% used [0x26800000, 0x26c0fff8, 0x26c10000)
  to   space 4160K,   0% used [0x263f0000, 0x263f0000, 0x26800000)
 tenured generation   total 83732K, used 70075K [0x29870000, 0x2ea35000, 0x34320000)
   the space 83732K,  83% used [0x29870000, 0x2dcdee90, 0x2dcdf000, 0x2ea35000)
 compacting perm gen  total 12288K, used 1755K [0x34320000, 0x34f20000, 0x38320000)
   the space 12288K,  14% used [0x34320000, 0x344d6d00, 0x344d6e00, 0x34f20000)
    ro space 10240K,  44% used [0x38320000, 0x38798300, 0x38798400, 0x38d20000)
    rw space 12288K,  52% used [0x38d20000, 0x3936f100, 0x3936f200, 0x39920000)
}
Event: 3.080 GC heap before
{Heap before GC invocations=37 (full 4):
 def new generation   total 37760K, used 37759K [0x24320000, 0x26c10000, 0x29870000)
  eden space 33600K, 100% used [0x24320000, 0x263f0000, 0x263f0000)
  from space 4160K,  99% used [0x26800000, 0x26c0fff8, 0x26c10000)
  to   space 4160K,   0% used [0x263f0000, 0x263f0000, 0x26800000)
 tenured generation   total 83732K, used 70075K [0x29870000, 0x2ea35000, 0x34320000)
   the space 83732K,  83% used [0x29870000, 0x2dcdeec8, 0x2dcdf000, 0x2ea35000)
 compacting perm gen  total 12288K, used 1755K [0x34320000, 0x34f20000, 0x38320000)
   the space 12288K,  14% used [0x34320000, 0x344d6d00, 0x344d6e00, 0x34f20000)
    ro space 10240K,  44% used [0x38320000, 0x38798300, 0x38798400, 0x38d20000)
    rw space 12288K,  52% used [0x38d20000, 0x3936f100, 0x3936f200, 0x39920000)
Event: 3.115 GC heap after
Heap after GC invocations=38 (full 4):
 def new generation   total 37760K, used 4160K [0x24320000, 0x26c10000, 0x29870000)
  eden space 33600K,   0% used [0x24320000, 0x24320000, 0x263f0000)
  from space 4160K, 100% used [0x263f0000, 0x26800000, 0x26800000)
  to   space 4160K,   0% used [0x26800000, 0x26800000, 0x26c10000)
 tenured generation   total 83732K, used 75574K [0x29870000, 0x2ea35000, 0x34320000)
   the space 83732K,  90% used [0x29870000, 0x2e23db18, 0x2e23dc00, 0x2ea35000)
 compacting perm gen  total 12288K, used 1755K [0x34320000, 0x34f20000, 0x38320000)
   the space 12288K,  14% used [0x34320000, 0x344d6d00, 0x344d6e00, 0x34f20000)
    ro space 10240K,  44% used [0x38320000, 0x38798300, 0x38798400, 0x38d20000)
    rw space 12288K,  52% used [0x38d20000, 0x3936f100, 0x3936f200, 0x39920000)
}
Event: 3.212 GC heap before
{Heap before GC invocations=38 (full 4):
 def new generation   total 37760K, used 37760K [0x24320000, 0x26c10000, 0x29870000)
  eden space 33600K, 100% used [0x24320000, 0x263f0000, 0x263f0000)
  from space 4160K, 100% used [0x263f0000, 0x26800000, 0x26800000)
  to   space 4160K,   0% used [0x26800000, 0x26800000, 0x26c10000)
 tenured generation   total 83732K, used 75574K [0x29870000, 0x2ea35000, 0x34320000)
   the space 83732K,  90% used [0x29870000, 0x2e23db18, 0x2e23dc00, 0x2ea35000)
 compacting perm gen  total 12288K, used 1755K [0x34320000, 0x34f20000, 0x38320000)
   the space 12288K,  14% used [0x34320000, 0x344d6d00, 0x344d6e00, 0x34f20000)
    ro space 10240K,  44% used [0x38320000, 0x38798300, 0x38798400, 0x38d20000)
    rw space 12288K,  52% used [0x38d20000, 0x3936f100, 0x3936f200, 0x39920000)
Event: 3.243 GC heap after
Heap after GC invocations=39 (full 4):
 def new generation   total 37760K, used 4159K [0x24320000, 0x26c10000, 0x29870000)
  eden space 33600K,   0% used [0x24320000, 0x24320000, 0x263f0000)
  from space 4160K,  99% used [0x26800000, 0x26c0fff8, 0x26c10000)
  to   space 4160K,   0% used [0x263f0000, 0x263f0000, 0x26800000)
 tenured generation   total 83732K, used 80641K [0x29870000, 0x2ea35000, 0x34320000)
   the space 83732K,  96% used [0x29870000, 0x2e730528, 0x2e730600, 0x2ea35000)
 compacting perm gen  total 12288K, used 1755K [0x34320000, 0x34f20000, 0x38320000)
   the space 12288K,  14% used [0x34320000, 0x344d6d00, 0x344d6e00, 0x34f20000)
    ro space 10240K,  44% used [0x38320000, 0x38798300, 0x38798400, 0x38d20000)
    rw space 12288K,  52% used [0x38d20000, 0x3936f100, 0x3936f200, 0x39920000)
}
Event: 3.380 GC heap before
{Heap before GC invocations=39 (full 4):
 def new generation   total 37760K, used 37759K [0x24320000, 0x26c10000, 0x29870000)
  eden space 33600K, 100% used [0x24320000, 0x263f0000, 0x263f0000)
  from space 4160K,  99% used [0x26800000, 0x26c0fff8, 0x26c10000)
  to   space 4160K,   0% used [0x263f0000, 0x263f0000, 0x26800000)
 tenured generation   total 83732K, used 80641K [0x29870000, 0x2ea35000, 0x34320000)
   the space 83732K,  96% used [0x29870000, 0x2e730528, 0x2e730600, 0x2ea35000)
 compacting perm gen  total 12288K, used 1755K [0x34320000, 0x34f20000, 0x38320000)
   the space 12288K,  14% used [0x34320000, 0x344d6d40, 0x344d6e00, 0x34f20000)
    ro space 10240K,  44% used [0x38320000, 0x38798300, 0x38798400, 0x38d20000)
    rw space 12288K,  52% used [0x38d20000, 0x3936f100, 0x3936f200, 0x39920000)
Event: 3.725 GC heap after
Heap after GC invocations=40 (full 5):
 def new generation   total 38336K, used 4036K [0x24320000, 0x26cb0000, 0x29870000)
  eden space 34112K,  11% used [0x24320000, 0x24711360, 0x26470000)
  from space 4224K,   0% used [0x26470000, 0x26470000, 0x26890000)
  to   space 4224K,   0% used [0x26890000, 0x26890000, 0x26cb0000)
 tenured generation   total 85012K, used 85012K [0x29870000, 0x2eb75000, 0x34320000)
   the space 85012K, 100% used [0x29870000, 0x2eb75000, 0x2eb75000, 0x2eb75000)
 compacting perm gen  total 12288K, used 1755K [0x34320000, 0x34f20000, 0x38320000)
   the space 12288K,  14% used [0x34320000, 0x344d6d40, 0x344d6e00, 0x34f20000)
    ro space 10240K,  44% used [0x38320000, 0x38798300, 0x38798400, 0x38d20000)
    rw space 12288K,  52% used [0x38d20000, 0x3936f100, 0x3936f200, 0x39920000)
}
Event: 3.822 GC heap before
{Heap before GC invocations=40 (full 5):
 def new generation   total 38336K, used 34112K [0x24320000, 0x26cb0000, 0x29870000)
  eden space 34112K, 100% used [0x24320000, 0x26470000, 0x26470000)
  from space 4224K,   0% used [0x26470000, 0x26470000, 0x26890000)
  to   space 4224K,   0% used [0x26890000, 0x26890000, 0x26cb0000)
 tenured generation   total 85012K, used 85012K [0x29870000, 0x2eb75000, 0x34320000)
   the space 85012K, 100% used [0x29870000, 0x2eb75000, 0x2eb75000, 0x2eb75000)
 compacting perm gen  total 12288K, used 1755K [0x34320000, 0x34f20000, 0x38320000)
   the space 12288K,  14% used [0x34320000, 0x344d6d40, 0x344d6e00, 0x34f20000)
    ro space 10240K,  44% used [0x38320000, 0x38798300, 0x38798400, 0x38d20000)
    rw space 12288K,  52% used [0x38d20000, 0x3936f100, 0x3936f200, 0x39920000)

Deoptimization events (0 events):
No events

Internal exceptions (10 events):
Event: 1.512 Thread 0x00d0c800 Threw 0x24cb73d0 at C:\re\jdk7u55\869\hotspot\src\share\vm\prims\jvm.cpp:1244
Event: 1.516 Thread 0x00d0c800 Threw 0x24dc2a90 at C:\re\jdk7u55\869\hotspot\src\share\vm\prims\jvm.cpp:1244
Event: 1.517 Thread 0x00d0c800 Threw 0x24dc7510 at C:\re\jdk7u55\869\hotspot\src\share\vm\prims\jvm.cpp:1244
Event: 1.527 Thread 0x00d0c800 Threw 0x24fc56b8 at C:\re\jdk7u55\869\hotspot\src\share\vm\prims\jvm.cpp:1244
Event: 1.604 Thread 0x00d0c800 Threw 0x24805e78 at C:\re\jdk7u55\869\hotspot\src\share\vm\prims\jvm.cpp:1244
Event: 1.647 Thread 0x00e05800 Threw 0x2559c9f8 at C:\re\jdk7u55\869\hotspot\src\share\vm\prims\jvm.cpp:1244
Event: 1.648 Thread 0x00e05800 Threw 0x255a2200 at C:\re\jdk7u55\869\hotspot\src\share\vm\prims\jvm.cpp:1244
Event: 1.648 Thread 0x00e05800 Threw 0x255a76f0 at C:\re\jdk7u55\869\hotspot\src\share\vm\prims\jvm.cpp:1244
Event: 1.863 Thread 0x00d0c800 Threw 0x24f8d790 at C:\re\jdk7u55\869\hotspot\src\share\vm\prims\jvm.cpp:1244
Event: 1.935 Thread 0x00d0c800 Threw 0x24c4fe80 at C:\re\jdk7u55\869\hotspot\src\share\vm\prims\jvm.cpp:1244

Events (10 events):
Event: 2.984 Executing VM operation: GenCollectForAllocation done
Event: 3.080 Executing VM operation: GenCollectForAllocation
Event: 3.080 Executing VM operation: GenCollectForAllocation done
Event: 3.080 Executing VM operation: GenCollectFull
Event: 3.115 Executing VM operation: GenCollectFull done
Event: 3.212 Executing VM operation: GenCollectForAllocation
Event: 3.243 Executing VM operation: GenCollectForAllocation done
Event: 3.379 Executing VM operation: GenCollectForAllocation
Event: 3.725 Executing VM operation: GenCollectForAllocation done
Event: 3.822 Executing VM operation: GenCollectForAllocation


Dynamic libraries:
0x00f40000 - 0x00f6f000 	C:\Program Files (x86)\Java\jdk1.7.0_55\bin\java.exe
0x774c0000 - 0x7762f000 	C:\Windows\SYSTEM32\ntdll.dll
0x77180000 - 0x772c0000 	C:\Windows\SYSTEM32\KERNEL32.DLL
0x75350000 - 0x75427000 	C:\Windows\SYSTEM32\KERNELBASE.dll
0x672d0000 - 0x67370000 	C:\Windows\system32\apphelp.dll
0x788f0000 - 0x78b56000 	C:\Windows\AppPatch\AcGenral.DLL
0x772c0000 - 0x77383000 	C:\Windows\SYSTEM32\msvcrt.dll
0x75880000 - 0x758c1000 	C:\Windows\SYSTEM32\sechost.dll
0x74cb0000 - 0x74cce000 	C:\Windows\SYSTEM32\SspiCli.dll
0x74dd0000 - 0x74e15000 	C:\Windows\SYSTEM32\SHLWAPI.dll
0x72400000 - 0x724ed000 	C:\Windows\SYSTEM32\UxTheme.dll
0x76b90000 - 0x76ce3000 	C:\Windows\SYSTEM32\USER32.dll
0x76cf0000 - 0x76dff000 	C:\Windows\SYSTEM32\GDI32.dll
0x72310000 - 0x72333000 	C:\Windows\SYSTEM32\WINMM.dll
0x63900000 - 0x63913000 	C:\Windows\SYSTEM32\samcli.dll
0x75000000 - 0x75129000 	C:\Windows\SYSTEM32\ole32.dll
0x74cd0000 - 0x74d65000 	C:\Windows\SYSTEM32\OLEAUT32.dll
0x71fe0000 - 0x71ff7000 	C:\Windows\SYSTEM32\MSACM32.dll
0x74b40000 - 0x74b48000 	C:\Windows\SYSTEM32\VERSION.dll
0x758d0000 - 0x76b8c000 	C:\Windows\SYSTEM32\SHELL32.dll
0x72000000 - 0x7201b000 	C:\Windows\SYSTEM32\USERENV.dll
0x723e0000 - 0x723fa000 	C:\Windows\SYSTEM32\dwmapi.dll
0x71e20000 - 0x71f6b000 	C:\Windows\SYSTEM32\urlmon.dll
0x74e20000 - 0x74e9c000 	C:\Windows\SYSTEM32\ADVAPI32.dll
0x72560000 - 0x725c5000 	C:\Windows\SYSTEM32\WINSPOOL.DRV
0x4a6b0000 - 0x4a6c6000 	C:\Windows\SYSTEM32\MPR.dll
0x74ea0000 - 0x74f5a000 	C:\Windows\SYSTEM32\RPCRT4.dll
0x74ca0000 - 0x74caa000 	C:\Windows\SYSTEM32\CRYPTBASE.dll
0x751d0000 - 0x7534d000 	C:\Windows\SYSTEM32\combase.dll
0x720a0000 - 0x720c3000 	C:\Windows\SYSTEM32\WINMMBASE.dll
0x71900000 - 0x7190f000 	C:\Windows\SYSTEM32\profapi.dll
0x70e30000 - 0x71064000 	C:\Windows\SYSTEM32\iertutil.dll
0x71c10000 - 0x71e1d000 	C:\Windows\SYSTEM32\WININET.dll
0x74c40000 - 0x74c94000 	C:\Windows\SYSTEM32\bcryptPrimitives.dll
0x75680000 - 0x756bc000 	C:\Windows\SYSTEM32\cfgmgr32.dll
0x71960000 - 0x71981000 	C:\Windows\SYSTEM32\DEVOBJ.dll
0x71850000 - 0x718db000 	C:\Windows\SYSTEM32\SHCORE.DLL
0x76f70000 - 0x76f97000 	C:\Windows\system32\IMM32.DLL
0x76e50000 - 0x76f62000 	C:\Windows\SYSTEM32\MSCTF.dll
0x720d0000 - 0x722d6000 	C:\Windows\WinSxS\x86_microsoft.windows.common-controls_6595b64144ccf1df_6.0.9600.18006_none_a9ec6aab013aafee\COMCTL32.dll
0x77df0000 - 0x77eaf000 	C:\Program Files (x86)\Java\jdk1.7.0_55\jre\bin\msvcr100.dll
0x6dc30000 - 0x6dfb0000 	C:\Program Files (x86)\Java\jdk1.7.0_55\jre\bin\client\jvm.dll
0x63b40000 - 0x63b48000 	C:\Windows\SYSTEM32\WSOCK32.dll
0x74ff0000 - 0x74ff6000 	C:\Windows\SYSTEM32\PSAPI.DLL
0x76e00000 - 0x76e50000 	C:\Windows\SYSTEM32\WS2_32.dll
0x77160000 - 0x77167000 	C:\Windows\SYSTEM32\NSI.dll
0x00500000 - 0x0050c000 	C:\Program Files (x86)\Java\jdk1.7.0_55\jre\bin\verify.dll
0x6cf20000 - 0x6cf40000 	C:\Program Files (x86)\Java\jdk1.7.0_55\jre\bin\java.dll
0x6db70000 - 0x6db83000 	C:\Program Files (x86)\Java\jdk1.7.0_55\jre\bin\zip.dll
0x6e0f0000 - 0x6e104000 	C:\Program Files (x86)\Java\jdk1.7.0_55\jre\bin\net.dll
0x726b0000 - 0x726fb000 	C:\Windows\system32\mswsock.dll
0x6d7e0000 - 0x6d7ef000 	C:\Program Files (x86)\Java\jdk1.7.0_55\jre\bin\nio.dll

VM Arguments:
java_command: C:\Program Files (x86)\Android\android-sdk\build-tools\23.0.1\\lib\dx.jar --no-strict --dex --output=obj\Debug\android\bin obj\Debug\android\bin\classes C:\Program Files (x86)\Reference Assemblies\Microsoft\Framework\MonoAndroid\v6.0\mono.android.jar C:\Users\Chris\Source\Repos\carry-in\Carry-In\Carry-In\Carry_In.Droid\obj\Debug\__library_projects__\FormsViewGroup\library_project_imports\formsviewgroup.jar C:\Users\Chris\AppData\Local\Xamarin\Android.Support.Design\23.0.1.3\embedded\classes.jar C:\Users\Chris\AppData\Local\Xamarin\Android.Support.v4\23.0.1.3\embedded\classes.jar C:\Users\Chris\AppData\Local\Xamarin\Android.Support.v4\23.0.1.3\embedded\libs\internal_impl-23.0.1.jar C:\Users\Chris\AppData\Local\Xamarin\Android.Support.v7.AppCompat\23.0.1.3\embedded\classes.jar C:\Users\Chris\AppData\Local\Xamarin\Android.Support.v7.CardView\23.0.1.3\embedded\classes.jar C:\Users\Chris\AppData\Local\Xamarin\Android.Support.v7.MediaRouter\23.0.1.3\embedded\classes.jar C:\Users\Chris\AppData\Local\Xamarin\Android.Support.v7.MediaRouter\23.0.1.3\embedded\libs\internal_impl-23.0.1.jar
Launcher Type: SUN_STANDARD

Environment Variables:
PATH=C:\Program Files (x86)\Microsoft Visual Studio 14.0\Common7\IDE\Extensions\wblqs00e.31r\NativeBinaries\x86;C:\Program Files (x86)\Java\jdk1.7.0_55\bin;C:\Program Files (x86)\Microsoft Visual Studio 14.0\Common7\IDE\CommonExtensions\Microsoft\TeamFoundation\Team Explorer\NativeBinaries\x86;C:\ProgramData\Oracle\Java\javapath;C:\Windows\system32;C:\Windows;C:\Windows\System32\Wbem;C:\Windows\System32\WindowsPowerShell\v1.0\;C:\Program Files (x86)\ATI Technologies\ATI.ACE\Core-Static;C:\Program Files (x86)\Skype\Phone\;C:\Windows\system32\config\systemprofile\.dnx\bin;C:\Program Files\Microsoft DNX\Dnvm\;C:\Program Files\Microsoft SQL Server\120\Tools\Binn\;C:\Program Files\Microsoft SQL Server\130\Tools\Binn\;C:\Program Files (x86)\Windows Kits\10\Windows Performance Toolkit\;C:\Program Files (x86)\Microsoft Emulator Manager\1.0\;C:\Program Files (x86)\nodejs\;C:\Program Files\Git\cmd;C:\Users\Chris\AppData\Roaming\npm
USERNAME=Chris
OS=Windows_NT
PROCESSOR_IDENTIFIER=AMD64 Family 16 Model 4 Stepping 2, AuthenticAMD



---------------  S Y S T E M  ---------------

OS: Windows 8.1 , 64 bit Build 9600 

CPU:total 4 (4 cores per cpu, 1 threads per core) family 16 model 4 stepping 2, cmov, cx8, fxsr, mmx, sse, sse2, sse3, popcnt, mmxext, 3dnowpref, lzcnt, sse4a, tsc, tscinvbit, tscinv

Memory: 4k page, physical 8387824k(998980k free), swap 11533552k(5104k free)

vm_info: Java HotSpot(TM) Client VM (24.55-b03) for windows-x86 JRE (1.7.0_55-b13), built on Mar 17 2014 20:01:11 by "java_re" with unknown MS VC++:1600

time: Sun Apr 17 22:26:01 2016
elapsed time: 4 seconds

