#
# There is insufficient memory for the Java Runtime Environment to continue.
# Native memory allocation (malloc) failed to allocate 4092 bytes for AllocateHeap
# Possible reasons:
#   The system is out of physical RAM or swap space
#   In 32 bit mode, the process size limit was hit
# Possible solutions:
#   Reduce memory load on the system
#   Increase physical memory or swap space
#   Check if swap backing store is full
#   Use 64 bit Java on a 64 bit OS
#   Decrease Java heap size (-Xmx/-Xms)
#   Decrease number of Java threads
#   Decrease Java thread stack sizes (-Xss)
#   Set larger code cache with -XX:ReservedCodeCacheSize=
# This output file may be truncated or incomplete.
#
#  Out of Memory Error (memory/allocation.inline.hpp:61), pid=12588, tid=8664
#
# JRE version: Java(TM) SE Runtime Environment (7.0_55-b13) (build 1.7.0_55-b13)
# Java VM: Java HotSpot(TM) Client VM (24.55-b03 mixed mode, sharing windows-x86 )
# Failed to write core dump. Minidumps are not enabled by default on client versions of Windows
#

---------------  T H R E A D  ---------------

Current thread (0x02b2e000):  VMThread [stack: 0x04ce0000,0x04d30000] [id=8664]

Stack: [0x04ce0000,0x04d30000],  sp=0x04d2dd84,  free space=311k
Native frames: (J=compiled Java code, j=interpreted, Vv=VM code, C=native code)
V  [jvm.dll+0x18e051]
V  [jvm.dll+0x1a38e5]
V  [jvm.dll+0x1a4acb]
C  [msvcr100.dll+0x5c556]
C  [msvcr100.dll+0x5c600]
C  [KERNEL32.DLL+0x17c04]
C  [ntdll.dll+0x5ab8f]
C  [ntdll.dll+0x5ab5a]

JavaThread 0x0512b800 (nid = 12536) was being processed
Java frames: (J=compiled Java code, j=interpreted, Vv=VM code)
v  ~RuntimeStub::new_object_array Runtime1 stub
J  com.android.dx.util.FixedSizeList.<init>(I)V
J  com.android.dx.ssa.SsaRenamer$BlockRenamer.visitMoveInsn(Lcom/android/dx/ssa/NormalSsaInsn;)V
J  com.android.dx.ssa.NormalSsaInsn.accept(Lcom/android/dx/ssa/SsaInsn$Visitor;)V
J  com.android.dx.ssa.SsaBasicBlock.forEachInsn(Lcom/android/dx/ssa/SsaInsn$Visitor;)V
J  com.android.dx.ssa.SsaRenamer$BlockRenamer.process()V
J  com.android.dx.ssa.SsaRenamer$1.visitBlock(Lcom/android/dx/ssa/SsaBasicBlock;Lcom/android/dx/ssa/SsaBasicBlock;)V
J  com.android.dx.ssa.SsaMethod.forEachBlockDepthFirstDom(Lcom/android/dx/ssa/SsaBasicBlock$Visitor;)V
J  com.android.dx.ssa.SsaConverter.convertToSsaMethod(Lcom/android/dx/rop/code/RopMethod;IZ)Lcom/android/dx/ssa/SsaMethod;
J  com.android.dx.ssa.Optimizer.optimize(Lcom/android/dx/rop/code/RopMethod;IZZLcom/android/dx/rop/code/TranslationAdvice;Ljava/util/EnumSet;)Lcom/android/dx/rop/code/RopMethod;
J  com.android.dx.dex.cf.CfTranslator.processMethods(Lcom/android/dx/cf/direct/DirectClassFile;Lcom/android/dx/dex/cf/CfOptions;Lcom/android/dx/dex/DexOptions;Lcom/android/dx/dex/file/ClassDefItem;Lcom/android/dx/dex/file/DexFile;)V
J  com.android.dx.dex.cf.CfTranslator.translate0(Lcom/android/dx/cf/direct/DirectClassFile;[BLcom/android/dx/dex/cf/CfOptions;Lcom/android/dx/dex/DexOptions;Lcom/android/dx/dex/file/DexFile;)Lcom/android/dx/dex/file/ClassDefItem;
j  com.android.dx.dex.cf.CfTranslator.translate(Lcom/android/dx/cf/direct/DirectClassFile;[BLcom/android/dx/dex/cf/CfOptions;Lcom/android/dx/dex/DexOptions;Lcom/android/dx/dex/file/DexFile;)Lcom/android/dx/dex/file/ClassDefItem;+6
j  com.android.dx.command.dexer.Main.translateClass([BLcom/android/dx/cf/direct/DirectClassFile;)Lcom/android/dx/dex/file/ClassDefItem;+17
j  com.android.dx.command.dexer.Main.access$2700([BLcom/android/dx/cf/direct/DirectClassFile;)Lcom/android/dx/dex/file/ClassDefItem;+2
j  com.android.dx.command.dexer.Main$ClassTranslatorTask.call()Lcom/android/dx/dex/file/ClassDefItem;+8
j  com.android.dx.command.dexer.Main$ClassTranslatorTask.call()Ljava/lang/Object;+1
j  java.util.concurrent.FutureTask.run()V+42
j  java.util.concurrent.ThreadPoolExecutor.runWorker(Ljava/util/concurrent/ThreadPoolExecutor$Worker;)V+95
j  java.util.concurrent.ThreadPoolExecutor$Worker.run()V+5
j  java.lang.Thread.run()V+11
v  ~StubRoutines::call_stub
VM_Operation (0x053ae9b4): GenCollectForAllocation, mode: safepoint, requested by thread 0x0512b800


---------------  P R O C E S S  ---------------

Java Threads: ( => current thread )
  0x0512d000 JavaThread "pool-2-thread-1" [_thread_blocked, id=9828, stack(0x053f0000,0x05440000)]
  0x0512b800 JavaThread "pool-1-thread-1" [_thread_blocked, id=12536, stack(0x05360000,0x053b0000)]
  0x02ba5000 JavaThread "Service Thread" daemon [_thread_blocked, id=12456, stack(0x05040000,0x05090000)]
  0x02ba2400 JavaThread "C1 CompilerThread0" daemon [_thread_blocked, id=2096, stack(0x04fb0000,0x05000000)]
  0x02ba0800 JavaThread "Attach Listener" daemon [_thread_blocked, id=10224, stack(0x04f20000,0x04f70000)]
  0x02b9e800 JavaThread "Signal Dispatcher" daemon [_thread_blocked, id=12036, stack(0x04e90000,0x04ee0000)]
  0x02b31000 JavaThread "Finalizer" daemon [_thread_blocked, id=12924, stack(0x04e00000,0x04e50000)]
  0x02b2f400 JavaThread "Reference Handler" daemon [_thread_blocked, id=7224, stack(0x04d70000,0x04dc0000)]
  0x00f3c800 JavaThread "main" [_thread_blocked, id=4600, stack(0x00f90000,0x00fe0000)]

Other Threads:
=>0x02b2e000 VMThread [stack: 0x04ce0000,0x04d30000] [id=8664]
  0x02bc1000 WatcherThread [stack: 0x050d0000,0x05120000] [id=3204]

VM state:at safepoint (normal execution)

VM Mutex/Monitor currently owned by a thread:  ([mutex/lock_event])
[0x00f3b328] Threads_lock - owner thread: 0x02b2e000
[0x00f3bee0] Heap_lock - owner thread: 0x0512b800

Heap
 def new generation   total 17856K, used 17856K [0x24320000, 0x25670000, 0x29870000)
  eden space 15936K, 100% used [0x24320000, 0x252b0000, 0x252b0000)
  from space 1920K, 100% used [0x25490000, 0x25670000, 0x25670000)
  to   space 1920K,   0% used [0x252b0000, 0x252b0000, 0x25490000)
 tenured generation   total 43844K, used 43844K [0x29870000, 0x2c341000, 0x34320000)
   the space 43844K, 100% used [0x29870000, 0x2c341000, 0x2c341000, 0x2c341000)
 compacting perm gen  total 12288K, used 1755K [0x34320000, 0x34f20000, 0x38320000)
   the space 12288K,  14% used [0x34320000, 0x344d6c50, 0x344d6e00, 0x34f20000)
    ro space 10240K,  44% used [0x38320000, 0x38798300, 0x38798400, 0x38d20000)
    rw space 12288K,  52% used [0x38d20000, 0x3936f100, 0x3936f200, 0x39920000)

Card table byte_map: [0x02a30000,0x02ae0000] byte_map_base: 0x0290e700

Polling page: 0x00f20000

Code Cache  [0x02c10000, 0x02eb0000, 0x04c10000)
 total_blobs=1346 nmethods=1197 adapters=85 free_code_cache=30080Kb largest_free_block=30802112

Compilation events (10 events):
Event: 3.606 Thread 0x02ba2400 1193   !         java.util.zip.ZipFile$ZipFileInflaterInputStream::close (67 bytes)
Event: 3.607 Thread 0x02ba2400 nmethod 1193 0x02ead2c8 code [0x02ead410, 0x02ead710]
Event: 3.618 Thread 0x02ba2400 1194             com.android.dx.ssa.SsaBasicBlock::addMoveToEnd (172 bytes)
Event: 3.619 Thread 0x02ba2400 nmethod 1194 0x02ead9c8 code [0x02eadbe0, 0x02eae3b4]
Event: 3.622 Thread 0x02ba2400 1195             com.android.dx.ssa.back.FirstFitLocalCombiningAllocator$Multiset::add (68 bytes)
Event: 3.623 Thread 0x02ba2400 nmethod 1195 0x02eaf208 code [0x02eaf320, 0x02eaf470]
Event: 3.628 Thread 0x02ba2400 1196             com.android.dx.ssa.PhiInsn::getOpcode (2 bytes)
Event: 3.628 Thread 0x02ba2400 nmethod 1196 0x02eaf688 code [0x02eaf780, 0x02eaf800]
Event: 3.638 Thread 0x02ba2400 1197             com.android.dx.rop.code.Rops::opMarkLocal (69 bytes)
Event: 3.639 Thread 0x02ba2400 nmethod 1197 0x02eaf848 code [0x02eaf9b0, 0x02eafcc8]

GC Heap History (10 events):
Event: 2.492 GC heap after
Heap after GC invocations=29 (full 8):
 def new generation   total 16320K, used 977K [0x24320000, 0x254d0000, 0x29870000)
  eden space 14528K,   6% used [0x24320000, 0x24414600, 0x25150000)
  from space 1792K,   0% used [0x25150000, 0x25150000, 0x25310000)
  to   space 1792K,   0% used [0x25310000, 0x25310000, 0x254d0000)
 tenured generation   total 36128K, used 36128K [0x29870000, 0x2bbb8000, 0x34320000)
   the space 36128K, 100% used [0x29870000, 0x2bbb8000, 0x2bbb8000, 0x2bbb8000)
 compacting perm gen  total 12288K, used 1750K [0x34320000, 0x34f20000, 0x38320000)
   the space 12288K,  14% used [0x34320000, 0x344d5a48, 0x344d5c00, 0x34f20000)
    ro space 10240K,  44% used [0x38320000, 0x38798300, 0x38798400, 0x38d20000)
    rw space 12288K,  52% used [0x38d20000, 0x3936f100, 0x3936f200, 0x39920000)
}
Event: 2.557 GC heap before
{Heap before GC invocations=29 (full 8):
 def new generation   total 16320K, used 14528K [0x24320000, 0x254d0000, 0x29870000)
  eden space 14528K, 100% used [0x24320000, 0x25150000, 0x25150000)
  from space 1792K,   0% used [0x25150000, 0x25150000, 0x25310000)
  to   space 1792K,   0% used [0x25310000, 0x25310000, 0x254d0000)
 tenured generation   total 36128K, used 36128K [0x29870000, 0x2bbb8000, 0x34320000)
   the space 36128K, 100% used [0x29870000, 0x2bbb8000, 0x2bbb8000, 0x2bbb8000)
 compacting perm gen  total 12288K, used 1750K [0x34320000, 0x34f20000, 0x38320000)
   the space 12288K,  14% used [0x34320000, 0x344d5a58, 0x344d5c00, 0x34f20000)
    ro space 10240K,  44% used [0x38320000, 0x38798300, 0x38798400, 0x38d20000)
    rw space 12288K,  52% used [0x38d20000, 0x3936f100, 0x3936f200, 0x39920000)
Event: 2.743 GC heap after
Heap after GC invocations=30 (full 9):
 def new generation   total 16960K, used 1674K [0x24320000, 0x25580000, 0x29870000)
  eden space 15104K,  11% used [0x24320000, 0x244c2840, 0x251e0000)
  from space 1856K,   0% used [0x251e0000, 0x251e0000, 0x253b0000)
  to   space 1856K,   0% used [0x253b0000, 0x253b0000, 0x25580000)
 tenured generation   total 37536K, used 37535K [0x29870000, 0x2bd18000, 0x34320000)
   the space 37536K,  99% used [0x29870000, 0x2bd17ff8, 0x2bd18000, 0x2bd18000)
 compacting perm gen  total 12288K, used 1750K [0x34320000, 0x34f20000, 0x38320000)
   the space 12288K,  14% used [0x34320000, 0x344d5a58, 0x344d5c00, 0x34f20000)
    ro space 10240K,  44% used [0x38320000, 0x38798300, 0x38798400, 0x38d20000)
    rw space 12288K,  52% used [0x38d20000, 0x3936f100, 0x3936f200, 0x39920000)
}
Event: 2.783 GC heap before
{Heap before GC invocations=30 (full 9):
 def new generation   total 16960K, used 15104K [0x24320000, 0x25580000, 0x29870000)
  eden space 15104K, 100% used [0x24320000, 0x251e0000, 0x251e0000)
  from space 1856K,   0% used [0x251e0000, 0x251e0000, 0x253b0000)
  to   space 1856K,   0% used [0x253b0000, 0x253b0000, 0x25580000)
 tenured generation   total 37536K, used 37535K [0x29870000, 0x2bd18000, 0x34320000)
   the space 37536K,  99% used [0x29870000, 0x2bd17ff8, 0x2bd18000, 0x2bd18000)
 compacting perm gen  total 12288K, used 1750K [0x34320000, 0x34f20000, 0x38320000)
   the space 12288K,  14% used [0x34320000, 0x344d5a58, 0x344d5c00, 0x34f20000)
    ro space 10240K,  44% used [0x38320000, 0x38798300, 0x38798400, 0x38d20000)
    rw space 12288K,  52% used [0x38d20000, 0x3936f100, 0x3936f200, 0x39920000)
Event: 2.984 GC heap after
Heap after GC invocations=31 (full 10):
 def new generation   total 17856K, used 1796K [0x24320000, 0x25670000, 0x29870000)
  eden space 15936K,  11% used [0x24320000, 0x244e11b0, 0x252b0000)
  from space 1920K,   0% used [0x252b0000, 0x252b0000, 0x25490000)
  to   space 1920K,   0% used [0x25490000, 0x25490000, 0x25670000)
 tenured generation   total 39456K, used 39456K [0x29870000, 0x2bef8000, 0x34320000)
   the space 39456K, 100% used [0x29870000, 0x2bef8000, 0x2bef8000, 0x2bef8000)
 compacting perm gen  total 12288K, used 1750K [0x34320000, 0x34f20000, 0x38320000)
   the space 12288K,  14% used [0x34320000, 0x344d5a58, 0x344d5c00, 0x34f20000)
    ro space 10240K,  44% used [0x38320000, 0x38798300, 0x38798400, 0x38d20000)
    rw space 12288K,  52% used [0x38d20000, 0x3936f100, 0x3936f200, 0x39920000)
}
Event: 3.033 GC heap before
{Heap before GC invocations=31 (full 10):
 def new generation   total 17856K, used 15936K [0x24320000, 0x25670000, 0x29870000)
  eden space 15936K, 100% used [0x24320000, 0x252b0000, 0x252b0000)
  from space 1920K,   0% used [0x252b0000, 0x252b0000, 0x25490000)
  to   space 1920K,   0% used [0x25490000, 0x25490000, 0x25670000)
 tenured generation   total 39456K, used 39456K [0x29870000, 0x2bef8000, 0x34320000)
   the space 39456K, 100% used [0x29870000, 0x2bef8000, 0x2bef8000, 0x2bef8000)
 compacting perm gen  total 12288K, used 1754K [0x34320000, 0x34f20000, 0x38320000)
   the space 12288K,  14% used [0x34320000, 0x344d6908, 0x344d6a00, 0x34f20000)
    ro space 10240K,  44% used [0x38320000, 0x38798300, 0x38798400, 0x38d20000)
    rw space 12288K,  52% used [0x38d20000, 0x3936f100, 0x3936f200, 0x39920000)
Event: 3.254 GC heap after
Heap after GC invocations=32 (full 11):
 def new generation   total 17856K, used 1806K [0x24320000, 0x25670000, 0x29870000)
  eden space 15936K,  11% used [0x24320000, 0x244e3828, 0x252b0000)
  from space 1920K,   0% used [0x25490000, 0x25490000, 0x25670000)
  to   space 1920K,   0% used [0x252b0000, 0x252b0000, 0x25490000)
 tenured generation   total 41612K, used 41534K [0x29870000, 0x2c113000, 0x34320000)
   the space 41612K,  99% used [0x29870000, 0x2c0ffb68, 0x2c0ffc00, 0x2c113000)
 compacting perm gen  total 12288K, used 1754K [0x34320000, 0x34f20000, 0x38320000)
   the space 12288K,  14% used [0x34320000, 0x344d6908, 0x344d6a00, 0x34f20000)
    ro space 10240K,  44% used [0x38320000, 0x38798300, 0x38798400, 0x38d20000)
    rw space 12288K,  52% used [0x38d20000, 0x3936f100, 0x3936f200, 0x39920000)
}
Event: 3.300 GC heap before
{Heap before GC invocations=32 (full 11):
 def new generation   total 17856K, used 15936K [0x24320000, 0x25670000, 0x29870000)
  eden space 15936K, 100% used [0x24320000, 0x252b0000, 0x252b0000)
  from space 1920K,   0% used [0x25490000, 0x25490000, 0x25670000)
  to   space 1920K,   0% used [0x252b0000, 0x252b0000, 0x25490000)
 tenured generation   total 41612K, used 41534K [0x29870000, 0x2c113000, 0x34320000)
   the space 41612K,  99% used [0x29870000, 0x2c0ffb68, 0x2c0ffc00, 0x2c113000)
 compacting perm gen  total 12288K, used 1755K [0x34320000, 0x34f20000, 0x38320000)
   the space 12288K,  14% used [0x34320000, 0x344d6c90, 0x344d6e00, 0x34f20000)
    ro space 10240K,  44% used [0x38320000, 0x38798300, 0x38798400, 0x38d20000)
    rw space 12288K,  52% used [0x38d20000, 0x3936f100, 0x3936f200, 0x39920000)
Event: 3.606 GC heap after
Heap after GC invocations=33 (full 12):
 def new generation   total 17856K, used 1809K [0x24320000, 0x25670000, 0x29870000)
  eden space 15936K,  11% used [0x24320000, 0x244e4620, 0x252b0000)
  from space 1920K,   0% used [0x252b0000, 0x252b0000, 0x25490000)
  to   space 1920K,   0% used [0x25490000, 0x25490000, 0x25670000)
 tenured generation   total 43596K, used 43500K [0x29870000, 0x2c303000, 0x34320000)
   the space 43596K,  99% used [0x29870000, 0x2c2eb388, 0x2c2eb400, 0x2c303000)
 compacting perm gen  total 12288K, used 1755K [0x34320000, 0x34f20000, 0x38320000)
   the space 12288K,  14% used [0x34320000, 0x344d6c50, 0x344d6e00, 0x34f20000)
    ro space 10240K,  44% used [0x38320000, 0x38798300, 0x38798400, 0x38d20000)
    rw space 12288K,  52% used [0x38d20000, 0x3936f100, 0x3936f200, 0x39920000)
}
Event: 3.648 GC heap before
{Heap before GC invocations=33 (full 12):
 def new generation   total 17856K, used 15936K [0x24320000, 0x25670000, 0x29870000)
  eden space 15936K, 100% used [0x24320000, 0x252b0000, 0x252b0000)
  from space 1920K,   0% used [0x252b0000, 0x252b0000, 0x25490000)
  to   space 1920K,   0% used [0x25490000, 0x25490000, 0x25670000)
 tenured generation   total 43596K, used 43500K [0x29870000, 0x2c303000, 0x34320000)
   the space 43596K,  99% used [0x29870000, 0x2c2eb388, 0x2c2eb400, 0x2c303000)
 compacting perm gen  total 12288K, used 1755K [0x34320000, 0x34f20000, 0x38320000)
   the space 12288K,  14% used [0x34320000, 0x344d6c50, 0x344d6e00, 0x34f20000)
    ro space 10240K,  44% used [0x38320000, 0x38798300, 0x38798400, 0x38d20000)
    rw space 12288K,  52% used [0x38d20000, 0x3936f100, 0x3936f200, 0x39920000)

Deoptimization events (0 events):
No events

Internal exceptions (10 events):
Event: 1.512 Thread 0x0512b800 Threw 0x24dbfa80 at C:\re\jdk7u55\869\hotspot\src\share\vm\prims\jvm.cpp:1244
Event: 1.685 Thread 0x00f3c800 Threw 0x243a2fb8 at C:\re\jdk7u55\869\hotspot\src\share\vm\prims\jvm.cpp:1244
Event: 1.685 Thread 0x00f3c800 Threw 0x243a7a38 at C:\re\jdk7u55\869\hotspot\src\share\vm\prims\jvm.cpp:1244
Event: 1.699 Thread 0x0512b800 Threw 0x246ad488 at C:\re\jdk7u55\869\hotspot\src\share\vm\prims\jvm.cpp:1244
Event: 1.863 Thread 0x0512b800 Threw 0x247613a0 at C:\re\jdk7u55\869\hotspot\src\share\vm\prims\jvm.cpp:1244
Event: 2.067 Thread 0x0512b800 Threw 0x248f1518 at C:\re\jdk7u55\869\hotspot\src\share\vm\prims\jvm.cpp:1244
Event: 2.067 Thread 0x0512b800 Threw 0x248f6d20 at C:\re\jdk7u55\869\hotspot\src\share\vm\prims\jvm.cpp:1244
Event: 2.068 Thread 0x0512b800 Threw 0x248fc210 at C:\re\jdk7u55\869\hotspot\src\share\vm\prims\jvm.cpp:1244
Event: 3.003 Thread 0x00f3c800 Threw 0x24b22da0 at C:\re\jdk7u55\869\hotspot\src\share\vm\prims\jvm.cpp:1244
Event: 3.287 Thread 0x00f3c800 Threw 0x24e3d528 at C:\re\jdk7u55\869\hotspot\src\share\vm\prims\jvm.cpp:1244

Events (10 events):
Event: 2.984 Executing VM operation: GenCollectForAllocation done
Event: 3.003 loading class 0x051c5ff0
Event: 3.003 loading class 0x051c5ff0 done
Event: 3.031 Executing VM operation: GenCollectForAllocation
Event: 3.254 Executing VM operation: GenCollectForAllocation done
Event: 3.287 loading class 0x02bdcd18
Event: 3.287 loading class 0x02bdcd18 done
Event: 3.299 Executing VM operation: GenCollectForAllocation
Event: 3.606 Executing VM operation: GenCollectForAllocation done
Event: 3.648 Executing VM operation: GenCollectForAllocation


Dynamic libraries:
0x00a90000 - 0x00abf000 	C:\Program Files (x86)\Java\jdk1.7.0_55\bin\java.exe
0x774c0000 - 0x7762f000 	C:\Windows\SYSTEM32\ntdll.dll
0x77180000 - 0x772c0000 	C:\Windows\SYSTEM32\KERNEL32.DLL
0x75350000 - 0x75427000 	C:\Windows\SYSTEM32\KERNELBASE.dll
0x672d0000 - 0x67370000 	C:\Windows\system32\apphelp.dll
0x78540000 - 0x787a6000 	C:\Windows\AppPatch\AcGenral.DLL
0x772c0000 - 0x77383000 	C:\Windows\SYSTEM32\msvcrt.dll
0x75880000 - 0x758c1000 	C:\Windows\SYSTEM32\sechost.dll
0x74cb0000 - 0x74cce000 	C:\Windows\SYSTEM32\SspiCli.dll
0x74dd0000 - 0x74e15000 	C:\Windows\SYSTEM32\SHLWAPI.dll
0x72400000 - 0x724ed000 	C:\Windows\SYSTEM32\UxTheme.dll
0x76b90000 - 0x76ce3000 	C:\Windows\SYSTEM32\USER32.dll
0x76cf0000 - 0x76dff000 	C:\Windows\SYSTEM32\GDI32.dll
0x72310000 - 0x72333000 	C:\Windows\SYSTEM32\WINMM.dll
0x63900000 - 0x63913000 	C:\Windows\SYSTEM32\samcli.dll
0x75000000 - 0x75129000 	C:\Windows\SYSTEM32\ole32.dll
0x74cd0000 - 0x74d65000 	C:\Windows\SYSTEM32\OLEAUT32.dll
0x71fe0000 - 0x71ff7000 	C:\Windows\SYSTEM32\MSACM32.dll
0x74b40000 - 0x74b48000 	C:\Windows\SYSTEM32\VERSION.dll
0x758d0000 - 0x76b8c000 	C:\Windows\SYSTEM32\SHELL32.dll
0x72000000 - 0x7201b000 	C:\Windows\SYSTEM32\USERENV.dll
0x723e0000 - 0x723fa000 	C:\Windows\SYSTEM32\dwmapi.dll
0x71e20000 - 0x71f6b000 	C:\Windows\SYSTEM32\urlmon.dll
0x74e20000 - 0x74e9c000 	C:\Windows\SYSTEM32\ADVAPI32.dll
0x72560000 - 0x725c5000 	C:\Windows\SYSTEM32\WINSPOOL.DRV
0x4b3b0000 - 0x4b3c6000 	C:\Windows\SYSTEM32\MPR.dll
0x74ea0000 - 0x74f5a000 	C:\Windows\SYSTEM32\RPCRT4.dll
0x74ca0000 - 0x74caa000 	C:\Windows\SYSTEM32\CRYPTBASE.dll
0x751d0000 - 0x7534d000 	C:\Windows\SYSTEM32\combase.dll
0x720a0000 - 0x720c3000 	C:\Windows\SYSTEM32\WINMMBASE.dll
0x71900000 - 0x7190f000 	C:\Windows\SYSTEM32\profapi.dll
0x70e30000 - 0x71064000 	C:\Windows\SYSTEM32\iertutil.dll
0x71c10000 - 0x71e1d000 	C:\Windows\SYSTEM32\WININET.dll
0x74c40000 - 0x74c94000 	C:\Windows\SYSTEM32\bcryptPrimitives.dll
0x75680000 - 0x756bc000 	C:\Windows\SYSTEM32\cfgmgr32.dll
0x71960000 - 0x71981000 	C:\Windows\SYSTEM32\DEVOBJ.dll
0x71850000 - 0x718db000 	C:\Windows\SYSTEM32\SHCORE.DLL
0x76f70000 - 0x76f97000 	C:\Windows\system32\IMM32.DLL
0x76e50000 - 0x76f62000 	C:\Windows\SYSTEM32\MSCTF.dll
0x720d0000 - 0x722d6000 	C:\Windows\WinSxS\x86_microsoft.windows.common-controls_6595b64144ccf1df_6.0.9600.18006_none_a9ec6aab013aafee\COMCTL32.dll
0x77b60000 - 0x77c1f000 	C:\Program Files (x86)\Java\jdk1.7.0_55\jre\bin\msvcr100.dll
0x6dda0000 - 0x6e120000 	C:\Program Files (x86)\Java\jdk1.7.0_55\jre\bin\client\jvm.dll
0x63b40000 - 0x63b48000 	C:\Windows\SYSTEM32\WSOCK32.dll
0x74ff0000 - 0x74ff6000 	C:\Windows\SYSTEM32\PSAPI.DLL
0x76e00000 - 0x76e50000 	C:\Windows\SYSTEM32\WS2_32.dll
0x77160000 - 0x77167000 	C:\Windows\SYSTEM32\NSI.dll
0x6e120000 - 0x6e12c000 	C:\Program Files (x86)\Java\jdk1.7.0_55\jre\bin\verify.dll
0x6d0f0000 - 0x6d110000 	C:\Program Files (x86)\Java\jdk1.7.0_55\jre\bin\java.dll
0x01110000 - 0x01123000 	C:\Program Files (x86)\Java\jdk1.7.0_55\jre\bin\zip.dll
0x6e1a0000 - 0x6e1b4000 	C:\Program Files (x86)\Java\jdk1.7.0_55\jre\bin\net.dll
0x726b0000 - 0x726fb000 	C:\Windows\system32\mswsock.dll
0x6d720000 - 0x6d72f000 	C:\Program Files (x86)\Java\jdk1.7.0_55\jre\bin\nio.dll

VM Arguments:
java_command: C:\Program Files (x86)\Android\android-sdk\build-tools\23.0.1\\lib\dx.jar --no-strict --dex --output=obj\Debug\android\bin obj\Debug\android\bin\classes C:\Program Files (x86)\Reference Assemblies\Microsoft\Framework\MonoAndroid\v6.0\mono.android.jar C:\Users\Chris\Source\Repos\carry-in\Carry-In\Carry-In\Carry_In.Droid\obj\Debug\__library_projects__\FormsViewGroup\library_project_imports\formsviewgroup.jar C:\Users\Chris\AppData\Local\Xamarin\Android.Support.Design\23.0.1.3\embedded\classes.jar C:\Users\Chris\AppData\Local\Xamarin\Android.Support.v4\23.0.1.3\embedded\classes.jar C:\Users\Chris\AppData\Local\Xamarin\Android.Support.v4\23.0.1.3\embedded\libs\internal_impl-23.0.1.jar C:\Users\Chris\AppData\Local\Xamarin\Android.Support.v7.AppCompat\23.0.1.3\embedded\classes.jar C:\Users\Chris\AppData\Local\Xamarin\Android.Support.v7.CardView\23.0.1.3\embedded\classes.jar C:\Users\Chris\AppData\Local\Xamarin\Android.Support.v7.MediaRouter\23.0.1.3\embedded\classes.jar C:\Users\Chris\AppData\Local\Xamarin\Android.Support.v7.MediaRouter\23.0.1.3\embedded\libs\internal_impl-23.0.1.jar
Launcher Type: SUN_STANDARD

Environment Variables:
PATH=C:\Program Files (x86)\Java\jdk1.7.0_55\bin;C:\Program Files (x86)\Microsoft Visual Studio 14.0\Common7\IDE\CommonExtensions\Microsoft\TeamFoundation\Team Explorer\NativeBinaries\x86;C:\ProgramData\Oracle\Java\javapath;C:\Windows\system32;C:\Windows;C:\Windows\System32\Wbem;C:\Windows\System32\WindowsPowerShell\v1.0\;C:\Program Files (x86)\ATI Technologies\ATI.ACE\Core-Static;C:\Program Files (x86)\Skype\Phone\;C:\Windows\system32\config\systemprofile\.dnx\bin;C:\Program Files\Microsoft DNX\Dnvm\;C:\Program Files\Microsoft SQL Server\120\Tools\Binn\;C:\Program Files\Microsoft SQL Server\130\Tools\Binn\;C:\Program Files (x86)\Windows Kits\10\Windows Performance Toolkit\;C:\Program Files (x86)\Microsoft Emulator Manager\1.0\;C:\Program Files (x86)\nodejs\;C:\Program Files\Git\cmd;C:\Users\Chris\AppData\Roaming\npm
USERNAME=Chris
OS=Windows_NT
PROCESSOR_IDENTIFIER=AMD64 Family 16 Model 4 Stepping 2, AuthenticAMD



---------------  S Y S T E M  ---------------

OS: Windows 8.1 , 64 bit Build 9600 

CPU:total 4 (4 cores per cpu, 1 threads per core) family 16 model 4 stepping 2, cmov, cx8, fxsr, mmx, sse, sse2, sse3, popcnt, mmxext, 3dnowpref, lzcnt, sse4a, tsc, tscinvbit, tscinv

Memory: 4k page, physical 8387824k(1510416k free), swap 11533552k(4740k free)

vm_info: Java HotSpot(TM) Client VM (24.55-b03) for windows-x86 JRE (1.7.0_55-b13), built on Mar 17 2014 20:01:11 by "java_re" with unknown MS VC++:1600

time: Wed Apr 20 20:52:58 2016
elapsed time: 3 seconds

